{"name": "test_Nullabilty", "status": "failed", "statusDetails": {"message": "AssertionError: Nulls found:{'dob': 1}\nassert False\n +  where False = dob    1\\ndtype: int64.empty", "trace": "src_df =    empid        fullname gender        dob        doj   salary   dept       phone                 email   bonus  manag... 112     MAYA@SHETTY      F 1991-06-30 2021-07-20  68000.0  FIN01  9876577777        mayashetty@abc  6800.0         203\ntgt_df =    empid firstname lastname gender        dob        doj  ...               dept_name       phone                 emai...                 Finance  9876577777        mayashetty@abc         203          None 2025-09-12\n\n[10 rows x 18 columns]\n\n    @allure.severity(allure.severity_level.NORMAL)\n    @pytest.mark.functional\n    @pytest.mark.regression\n    def test_Nullabilty(src_df,tgt_df):\n        mandatory_col = [col for col in tgt_df if col != 'manager_name']\n        nullcheck = tgt_df[mandatory_col].isnull().sum()\n        failing = nullcheck[nullcheck > 0]\n        if not failing.empty:\n            logger = logging.error(f\"Nulls found:{failing.to_dict()}\")\n>       assert failing.empty,f\"Nulls found:{failing.to_dict()}\"\nE       AssertionError: Nulls found:{'dob': 1}\nE       assert False\nE        +  where False = dob    1\\ndtype: int64.empty\n\ntests\\test_data_validation.py:79: AssertionError"}, "attachments": [{"name": "log", "source": "40d6125b-2bd0-4359-8da5-26072b21883b-attachment.txt", "type": "text/plain"}], "start": 1758008432878, "stop": 1758008432881, "uuid": "d8e798cb-f01d-46ed-baed-8becc933b809", "historyId": "5b431f46cb079425367bf5a010efeb7f", "testCaseId": "5b431f46cb079425367bf5a010efeb7f", "fullName": "tests.test_data_validation#test_Nullabilty", "labels": [{"name": "severity", "value": "normal"}, {"name": "tag", "value": "regression"}, {"name": "tag", "value": "functional"}, {"name": "parentSuite", "value": "tests"}, {"name": "suite", "value": "test_data_validation"}, {"name": "host", "value": "DESKTOP-G51ETJQ"}, {"name": "thread", "value": "2852-MainThread"}, {"name": "framework", "value": "pytest"}, {"name": "language", "value": "cpython3"}, {"name": "package", "value": "tests.test_data_validation"}], "titlePath": ["tests", "test_data_validation.py"]}